*** Using Compiler 'V5.06 update 6 (build 750)', folder: 'C:\Keil_v5\ARM\ARMCC\Bin'
Build target 'ayanami-SDK'
compiling aya_device_infrared.c...
..\libraries\ayanami_device\aya_device_ips130.h(18): warning:  #1295-D: Deprecated declaration IPS130_init - give arg types
  void IPS130_init();
..\libraries\ayanami_device\aya_device_ips130.h(23): warning:  #1-D: last line of file ends without a newline
  #endif
..\libraries\ayanami_device\aya_device_bmi088.h(40): warning:  #1295-D: Deprecated declaration bmi088_init - give arg types
  void bmi088_init();
..\libraries\ayanami_device\aya_device_bmi088.h(41): warning:  #1295-D: Deprecated declaration bmi088_read_data - give arg types
  void bmi088_read_data();
..\libraries\ayanami_device\aya_device_bmi088.h(42): warning:  #1295-D: Deprecated declaration bmi088_bsx_calc - give arg types
  void bmi088_bsx_calc();
..\libraries\ayanami_device\aya_device_bmi088.h(280): warning:  #1-D: last line of file ends without a newline
  #endif
..\libraries\ayanami_device\aya_device_infrared.c: 6 warnings, 0 errors
linking...
Program Size: Code=3844 RO-data=532 RW-data=1644 ZI-data=2068  
".\rvmdk\ayanami-sdk.axf" - 0 Error(s), 6 Warning(s).
Build Time Elapsed:  00:00:05
